<?xml version="1.0" encoding="UTF-8"?>
<!-- Generated by org.testng.reporters.JUnitReportReporter -->
<testsuite hostname="DESKTOP-UA7G0ND" failures="0" tests="2" name="MavenFramework.tests.ErrorValidationTest" time="27.390" errors="0" timestamp="2024-08-27T14:13:32 IST" skipped="0">
  <testcase classname="MavenFramework.tests.ErrorValidationTest" name="LoginErrorValidation" time="4.291"/>
  <system-out/>
  <testcase classname="MavenFramework.tests.ErrorValidationTest" name="ProductErrorValidation" time="23.099"/>
  <system-out/>
</testsuite> <!-- MavenFramework.tests.ErrorValidationTest -->
