<?xml version="1.0" encoding="UTF-8"?>
<!-- Generated by org.testng.reporters.JUnitReportReporter -->
<testsuite hostname="DESKTOP-UA7G0ND" failures="0" tests="1" name="MavenFramework.tests.StandAloneTest" time="10.812" errors="0" timestamp="2024-08-24T18:07:33 IST" skipped="0">
  <testcase classname="MavenFramework.tests.StandAloneTest" name="submitCartTest" time="10.812"/>
  <system-out/>
</testsuite> <!-- MavenFramework.tests.StandAloneTest -->
