<?xml version="1.0" encoding="UTF-8"?>
<!-- Generated by org.testng.reporters.JUnitReportReporter -->
<testsuite hostname="DESKTOP-UA7G0ND" failures="0" tests="2" name="MavenFramework.tests.SubmitOrderTest" time="59.099" errors="0" timestamp="2024-08-27T14:13:32 IST" skipped="0">
  <testcase classname="MavenFramework.tests.SubmitOrderTest" name="submitOrder" time="35.708"/>
  <system-out/>
  <testcase classname="MavenFramework.tests.SubmitOrderTest" name="submitOrder" time="23.391"/>
  <system-out/>
</testsuite> <!-- MavenFramework.tests.SubmitOrderTest -->
