<?xml version="1.0" encoding="UTF-8"?>
<!-- Generated by org.testng.reporters.JUnitReportReporter -->
<testsuite hostname="DESKTOP-UA7G0ND" failures="0" tests="1" name="MavenFramework.CopilotCode" time="5.727" errors="0" timestamp="2024-08-13T17:39:39 IST" skipped="0">
  <testcase classname="MavenFramework.CopilotCode" name="submitCart" time="5.727"/>
</testsuite> <!-- MavenFramework.CopilotCode -->
