<?xml version="1.0" encoding="UTF-8"?>
<!-- Generated by org.testng.reporters.JUnitReportReporter -->
<testsuite hostname="DESKTOP-UA7G0ND" failures="0" tests="1" name="MavenFramework.StandAlone2Test" time="8.758" errors="0" timestamp="2024-08-17T15:35:26 IST" skipped="0">
  <testcase classname="MavenFramework.StandAlone2Test" name="submitCart" time="8.758"/>
</testsuite> <!-- MavenFramework.StandAlone2Test -->
