<?xml version="1.0" encoding="UTF-8"?>
<!-- Generated by org.testng.reporters.JUnitReportReporter -->
<testsuite hostname="DESKTOP-UA7G0ND" failures="0" tests="1" name="MavenFramework.tests.StandAlone_1Test" time="13.005" errors="0" timestamp="2024-08-17T18:23:28 IST" skipped="0">
  <testcase classname="MavenFramework.tests.StandAlone_1Test" name="submitCart" time="13.005"/>
</testsuite> <!-- MavenFramework.tests.StandAlone_1Test -->
