<?xml version="1.0" encoding="UTF-8"?>
<!-- Generated by org.testng.reporters.JUnitReportReporter -->
<testsuite hostname="DESKTOP-UA7G0ND" failures="0" tests="1" name="MavenFramework.StandAloneTest" time="28.970" errors="0" timestamp="2024-08-13T16:53:40 IST" skipped="0">
  <testcase classname="MavenFramework.StandAloneTest" name="submitCartTest" time="28.970"/>
</testsuite> <!-- MavenFramework.StandAloneTest -->
