<?xml version="1.0" encoding="UTF-8"?>
<!-- Generated by org.testng.reporters.JUnitReportReporter -->
<testsuite hostname="DESKTOP-UA7G0ND" failures="0" tests="1" name="MavenFramework.tests.StandAloneMeTest" time="13.747" errors="0" timestamp="2024-08-25T13:49:33 IST" skipped="0">
  <testcase classname="MavenFramework.tests.StandAloneMeTest" name="submitCart" time="13.747"/>
  <system-out/>
</testsuite> <!-- MavenFramework.tests.StandAloneMeTest -->
