<?xml version="1.0" encoding="UTF-8"?>
<!-- Generated by org.testng.reporters.JUnitReportReporter -->
<testsuite hostname="DESKTOP-UA7G0ND" failures="0" tests="1" name="MavenFramework.StandAlone_1Test" time="12.862" errors="0" timestamp="2024-08-17T15:59:00 IST" skipped="0">
  <testcase classname="MavenFramework.StandAlone_1Test" name="submitCart" time="12.862"/>
</testsuite> <!-- MavenFramework.StandAlone_1Test -->
