<?xml version="1.0" encoding="UTF-8"?>
<!-- Generated by org.testng.reporters.JUnitReportReporter -->
<testsuite hostname="DESKTOP-UA7G0ND" failures="0" tests="2" name="MavenFramework.tests.ErrorValidationTest" time="22.666" errors="0" timestamp="2024-08-27T14:48:41 GMT+05:30" skipped="0">
  <testcase classname="MavenFramework.tests.ErrorValidationTest" name="ProductErrorValidation" time="18.682"/>
  <testcase classname="MavenFramework.tests.ErrorValidationTest" name="LoginErrorValidation" time="3.984"/>
</testsuite> <!-- MavenFramework.tests.ErrorValidationTest -->
