<?xml version="1.0" encoding="UTF-8"?>
<!-- Generated by org.testng.reporters.JUnitReportReporter -->
<testsuite hostname="DESKTOP-UA7G0ND" failures="0" tests="2" name="MavenFramework.tests.SubmitOrderTest" time="62.441" errors="0" timestamp="2024-08-27T14:48:41 GMT+05:30" skipped="0">
  <testcase classname="MavenFramework.tests.SubmitOrderTest" name="submitOrder" time="28.546"/>
  <testcase classname="MavenFramework.tests.SubmitOrderTest" name="submitOrder" time="33.895"/>
</testsuite> <!-- MavenFramework.tests.SubmitOrderTest -->
